0 verbose cli /usr/local/bin/node /usr/local/bin/npm
1 info using npm@8.11.0
2 info using node@v16.16.0
3 timing npm:load:whichnode Completed in 1ms
4 timing config:load:defaults Completed in 3ms
5 timing config:load:file:/usr/local/lib/node_modules/npm/npmrc Completed in 1ms
6 timing config:load:builtin Completed in 2ms
7 warn config production Use `--omit=dev` instead.
8 timing config:load:cli Completed in 4ms
9 timing config:load:env Completed in 0ms
10 timing config:load:file:/data/.npmrc Completed in 1ms
11 timing config:load:project Completed in 5ms
12 timing config:load:file:/usr/src/node-red/.npmrc Completed in 0ms
13 timing config:load:user Completed in 1ms
14 timing config:load:file:/usr/local/etc/npmrc Completed in 5ms
15 timing config:load:global Completed in 5ms
16 timing config:load:validate Completed in 1ms
17 timing config:load:credentials Completed in 1ms
18 timing config:load:setEnvs Completed in 1ms
19 timing config:load Completed in 23ms
20 timing npm:load:configload Completed in 23ms
21 timing npm:load:mkdirpcache Completed in 5ms
22 timing npm:load:mkdirplogs Completed in 11ms
23 verbose title npm install node-red-contrib-loop@1.0.1
24 verbose argv "install" "--no-audit" "--no-update-notifier" "--no-fund" "--save" "--save-prefix" "~" "--production" "--engine-strict" "node-red-contrib-loop@1.0.1"
25 timing npm:load:setTitle Completed in 1ms
26 timing config:load:flatten Completed in 3ms
27 timing npm:load:display Completed in 7ms
28 verbose logfile logs-max:10 dir:/data/.npm/_logs
29 verbose logfile /data/.npm/_logs/2023-01-14T14_22_07_369Z-debug-0.log
30 timing npm:load:logFile Completed in 23ms
31 timing npm:load:timers Completed in 0ms
32 timing npm:load:configScope Completed in 0ms
33 timing npm:load Completed in 74ms
34 timing arborist:ctor Completed in 1ms
35 silly logfile start cleaning logs, removing 6 files
36 silly logfile done cleaning log files
37 timing idealTree:init Completed in 154ms
38 timing idealTree:userRequests Completed in 2ms
39 silly idealTree buildDeps
40 silly fetch manifest node-red-contrib-loop@1.0.1
41 verbose shrinkwrap failed to load node_modules/.package-lock.json out of date, updated: node_modules
42 http fetch GET 200 https://registry.npmjs.org/node-red-contrib-loop 1340ms (cache miss)
43 silly placeDep ROOT node-red-contrib-loop@1.0.1 OK for: node-red-project@0.0.1 want: 1.0.1
44 timing idealTree:#root Completed in 1351ms
45 timing idealTree:node_modules/node-red-contrib-loop Completed in 0ms
46 timing idealTree:buildDeps Completed in 1354ms
47 timing idealTree:fixDepFlags Completed in 2ms
48 timing idealTree Completed in 1518ms
49 timing reify:loadTrees Completed in 1519ms
50 timing reify:diffTrees Completed in 6ms
51 silly reify mark retired [ '/data/node_modules/mime', '/data/node_modules/.bin/mime' ]
52 silly reify moves {
52 silly reify   '/data/node_modules/mime': '/data/node_modules/.mime-8INyOFlQ',
52 silly reify   '/data/node_modules/.bin/mime': '/data/node_modules/.bin/.mime-LWvk3NlW'
52 silly reify }
53 timing reify:retireShallow Completed in 26ms
54 timing reify:createSparse Completed in 7ms
55 timing reify:trashOmits Completed in 0ms
56 timing reify:loadBundles Completed in 0ms
57 silly tarball no local data for node-red-contrib-loop@https://registry.npmjs.org/node-red-contrib-loop/-/node-red-contrib-loop-1.0.1.tgz. Extracting by manifest.
58 timing reifyNode:node_modules/mime Completed in 102ms
59 http fetch GET 200 https://registry.npmjs.org/node-red-contrib-loop/-/node-red-contrib-loop-1.0.1.tgz 1623ms (cache miss)
60 timing reifyNode:node_modules/node-red-contrib-loop Completed in 1645ms
61 timing reify:unpack Completed in 1646ms
62 timing reify:unretire Completed in 0ms
63 timing build:queue Completed in 4ms
64 timing build:link:node_modules/mime Completed in 19ms
65 timing build:link Completed in 19ms
66 timing build:deps Completed in 25ms
67 timing build Completed in 25ms
68 timing reify:build Completed in 26ms
69 timing reify:trash Completed in 40ms
70 timing reify:save Completed in 35ms
71 timing reify Completed in 3339ms
72 silly ADD node_modules/node-red-contrib-loop
73 silly CHANGE node_modules/mime
74 timing command:install Completed in 3345ms
75 verbose exit 0
76 timing npm Completed in 3619ms
77 info ok
